2026-07-17 19:09:09,805 [INFO] Anos a descargar: [2023, 2024, 2025, 2026]
2026-07-17 19:09:09,805 [INFO] Tipos: ['yellow', 'green', 'fhv', 'fhvhv']
2026-07-17 19:09:09,805 [INFO] Destino: /home/jovyan/data/bronze
2026-07-17 19:09:09,807 [INFO] Total archivos a procesar: 164
2026-07-17 19:09:09,810 [INFO] [SKIP] Ya existe: green_tripdata_2023-01.parquet
2026-07-17 19:09:09,811 [INFO] [SKIP] Ya existe: fhv_tripdata_2023-01.parquet
2026-07-17 19:09:09,811 [INFO] [SKIP] Ya existe: yellow_tripdata_2023-01.parquet
2026-07-17 19:09:09,815 [INFO] [SKIP] Ya existe: green_tripdata_2023-02.parquet
2026-07-17 19:09:09,815 [INFO] [SKIP] Ya existe: yellow_tripdata_2023-02.parquet
2026-07-17 19:09:09,815 [INFO] [SKIP] Ya existe: fhvhv_tripdata_2023-01.parquet
2026-07-17 19:09:09,816 [INFO] [SKIP] Ya existe: fhv_tripdata_2023-02.parquet
2026-07-17 19:09:09,817 [INFO] [SKIP] Ya existe: yellow_tripdata_2023-03.parquet
2026-07-17 19:09:09,818 [INFO] [SKIP] Ya existe: fhvhv_tripdata_2023-02.parquet
2026-07-17 19:09:09,818 [INFO] [SKIP] Ya existe: green_tripdata_2023-03.parquet
2026-07-17 19:09:09,819 [INFO] [SKIP] Ya existe: fhv_tripdata_2023-03.parquet
2026-07-17 19:09:09,821 [INFO] [SKIP] Ya existe: fhv_tripdata_2023-04.parquet
2026-07-17 19:09:09,820 [INFO] [SKIP] Ya existe: yellow_tripdata_2023-04.parquet
2026-07-17 19:09:09,821 [INFO] [SKIP] Ya existe: green_tripdata_2023-04.parquet
2026-07-17 19:09:09,819 [INFO] [SKIP] Ya existe: fhvhv_tripdata_2023-03.parquet
2026-07-17 19:09:09,823 [INFO] [SKIP] Ya existe: fhvhv_tripdata_2023-04.parquet
2026-07-17 19:09:09,824 [INFO] [SKIP] Ya existe: yellow_tripdata_2023-05.parquet
2026-07-17 19:09:09,825 [INFO] [SKIP] Ya existe: green_tripdata_2023-05.parquet
2026-07-17 19:09:09,826 [INFO] [SKIP] Ya existe: fhv_tripdata_2023-05.parquet
2026-07-17 19:09:09,826 [INFO] [SKIP] Ya existe: fhvhv_tripdata_2023-05.parquet
2026-07-17 19:09:09,827 [INFO] [SKIP] Ya existe: yellow_tripdata_2023-06.parquet
2026-07-17 19:09:09,827 [INFO] [SKIP] Ya existe: green_tripdata_2023-06.parquet
2026-07-17 19:09:09,828 [INFO] [SKIP] Ya existe: fhv_tripdata_2023-06.parquet
2026-07-17 19:09:09,829 [INFO] [SKIP] Ya existe: fhvhv_tripdata_2023-06.parquet
2026-07-17 19:09:09,829 [INFO] [SKIP] Ya existe: yellow_tripdata_2023-07.parquet
2026-07-17 19:09:09,830 [INFO] [SKIP] Ya existe: fhv_tripdata_2023-07.parquet
2026-07-17 19:09:09,830 [INFO] [SKIP] Ya existe: green_tripdata_2023-07.parquet
2026-07-17 19:09:09,831 [INFO] [SKIP] Ya existe: yellow_tripdata_2023-08.parquet
2026-07-17 19:09:09,832 [INFO] [SKIP] Ya existe: fhvhv_tripdata_2023-07.parquet
2026-07-17 19:09:09,833 [INFO] [SKIP] Ya existe: green_tripdata_2023-08.parquet
2026-07-17 19:09:09,833 [INFO] [SKIP] Ya existe: fhv_tripdata_2023-08.parquet
2026-07-17 19:09:09,833 [INFO] [SKIP] Ya existe: fhvhv_tripdata_2023-08.parquet
2026-07-17 19:09:09,834 [INFO] [SKIP] Ya existe: yellow_tripdata_2023-09.parquet
2026-07-17 19:09:09,837 [INFO] [SKIP] Ya existe: fhv_tripdata_2023-09.parquet
2026-07-17 19:09:09,838 [INFO] [SKIP] Ya existe: green_tripdata_2023-09.parquet
2026-07-17 19:09:09,839 [INFO] [SKIP] Ya existe: fhvhv_tripdata_2023-09.parquet
2026-07-17 19:09:09,840 [INFO] [SKIP] Ya existe: yellow_tripdata_2023-10.parquet
2026-07-17 19:09:09,841 [INFO] [SKIP] Ya existe: green_tripdata_2023-10.parquet
2026-07-17 19:09:09,842 [INFO] [SKIP] Ya existe: fhv_tripdata_2023-10.parquet
2026-07-17 19:09:09,842 [INFO] [SKIP] Ya existe: fhvhv_tripdata_2023-10.parquet
2026-07-17 19:09:09,843 [INFO] [SKIP] Ya existe: yellow_tripdata_2023-11.parquet
2026-07-17 19:09:09,844 [INFO] [SKIP] Ya existe: fhv_tripdata_2023-11.parquet
2026-07-17 19:09:09,845 [INFO] [SKIP] Ya existe: green_tripdata_2023-11.parquet
2026-07-17 19:09:09,846 [INFO] [SKIP] Ya existe: green_tripdata_2023-12.parquet
2026-07-17 19:09:09,847 [INFO] [SKIP] Ya existe: fhvhv_tripdata_2023-11.parquet
2026-07-17 19:09:09,847 [INFO] [SKIP] Ya existe: yellow_tripdata_2023-12.parquet
2026-07-17 19:09:09,847 [INFO] [SKIP] Ya existe: fhv_tripdata_2023-12.parquet
2026-07-17 19:09:09,848 [INFO] [SKIP] Ya existe: yellow_tripdata_2024-01.parquet
2026-07-17 19:09:09,849 [INFO] [SKIP] Ya existe: fhvhv_tripdata_2023-12.parquet
2026-07-17 19:09:09,849 [INFO] [SKIP] Ya existe: green_tripdata_2024-01.parquet
2026-07-17 19:09:09,851 [INFO] [SKIP] Ya existe: yellow_tripdata_2024-02.parquet
2026-07-17 19:09:09,851 [INFO] [SKIP] Ya existe: fhvhv_tripdata_2024-01.parquet
2026-07-17 19:09:09,853 [INFO] [SKIP] Ya existe: fhv_tripdata_2024-01.parquet
2026-07-17 19:09:09,854 [INFO] [SKIP] Ya existe: fhv_tripdata_2024-02.parquet
2026-07-17 19:09:09,855 [INFO] [SKIP] Ya existe: green_tripdata_2024-02.parquet
2026-07-17 19:09:09,856 [INFO] [SKIP] Ya existe: fhvhv_tripdata_2024-02.parquet
2026-07-17 19:09:09,857 [INFO] [SKIP] Ya existe: yellow_tripdata_2024-03.parquet
2026-07-17 19:09:09,859 [INFO] [SKIP] Ya existe: green_tripdata_2024-03.parquet
2026-07-17 19:09:09,859 [INFO] [SKIP] Ya existe: fhv_tripdata_2024-03.parquet
2026-07-17 19:09:09,861 [INFO] [SKIP] Ya existe: fhvhv_tripdata_2024-03.parquet
2026-07-17 19:09:09,861 [INFO] [SKIP] Ya existe: yellow_tripdata_2024-04.parquet
2026-07-17 19:09:09,862 [INFO] [SKIP] Ya existe: fhv_tripdata_2024-04.parquet
2026-07-17 19:09:09,863 [INFO] [SKIP] Ya existe: green_tripdata_2024-04.parquet
2026-07-17 19:09:09,864 [INFO] [SKIP] Ya existe: fhvhv_tripdata_2024-04.parquet
2026-07-17 19:09:09,865 [INFO] [SKIP] Ya existe: yellow_tripdata_2024-05.parquet
2026-07-17 19:09:09,868 [INFO] [SKIP] Ya existe: fhv_tripdata_2024-05.parquet
2026-07-17 19:09:09,868 [INFO] [SKIP] Ya existe: green_tripdata_2024-05.parquet
2026-07-17 19:09:09,869 [INFO] [SKIP] Ya existe: yellow_tripdata_2024-06.parquet
2026-07-17 19:09:09,870 [INFO] [SKIP] Ya existe: green_tripdata_2024-06.parquet
2026-07-17 19:09:09,871 [INFO] [SKIP] Ya existe: fhvhv_tripdata_2024-05.parquet
2026-07-17 19:09:09,872 [INFO] [SKIP] Ya existe: fhv_tripdata_2024-06.parquet
2026-07-17 19:09:09,873 [INFO] [SKIP] Ya existe: yellow_tripdata_2024-07.parquet
2026-07-17 19:09:09,873 [INFO] [SKIP] Ya existe: fhvhv_tripdata_2024-06.parquet
2026-07-17 19:09:09,874 [INFO] [SKIP] Ya existe: fhv_tripdata_2024-07.parquet
2026-07-17 19:09:09,875 [INFO] [SKIP] Ya existe: fhvhv_tripdata_2024-07.parquet
2026-07-17 19:09:09,876 [INFO] [SKIP] Ya existe: green_tripdata_2024-07.parquet
2026-07-17 19:09:09,877 [INFO] [SKIP] Ya existe: green_tripdata_2024-08.parquet
2026-07-17 19:09:09,877 [INFO] [SKIP] Ya existe: fhv_tripdata_2024-08.parquet
2026-07-17 19:09:09,878 [INFO] [SKIP] Ya existe: yellow_tripdata_2024-08.parquet
2026-07-17 19:09:09,879 [INFO] [SKIP] Ya existe: yellow_tripdata_2024-09.parquet
2026-07-17 19:09:09,880 [INFO] [SKIP] Ya existe: fhvhv_tripdata_2024-08.parquet
2026-07-17 19:09:09,881 [INFO] [SKIP] Ya existe: green_tripdata_2024-09.parquet
2026-07-17 19:09:09,882 [INFO] [SKIP] Ya existe: fhv_tripdata_2024-09.parquet
2026-07-17 19:09:09,883 [INFO] [SKIP] Ya existe: fhvhv_tripdata_2024-09.parquet
2026-07-17 19:09:09,883 [INFO] [SKIP] Ya existe: yellow_tripdata_2024-10.parquet
2026-07-17 19:09:09,884 [INFO] [SKIP] Ya existe: fhv_tripdata_2024-10.parquet
2026-07-17 19:09:09,885 [INFO] [SKIP] Ya existe: green_tripdata_2024-10.parquet
2026-07-17 19:09:09,886 [INFO] [SKIP] Ya existe: fhvhv_tripdata_2024-10.parquet
2026-07-17 19:09:09,887 [INFO] [SKIP] Ya existe: green_tripdata_2024-11.parquet
2026-07-17 19:09:09,888 [INFO] [SKIP] Ya existe: yellow_tripdata_2024-11.parquet
2026-07-17 19:09:09,889 [INFO] [SKIP] Ya existe: fhvhv_tripdata_2024-11.parquet
2026-07-17 19:09:09,890 [INFO] [SKIP] Ya existe: fhv_tripdata_2024-11.parquet
2026-07-17 19:09:09,890 [INFO] [SKIP] Ya existe: yellow_tripdata_2024-12.parquet
2026-07-17 19:09:09,891 [INFO] [SKIP] Ya existe: green_tripdata_2024-12.parquet
2026-07-17 19:09:09,891 [INFO] [SKIP] Ya existe: fhv_tripdata_2024-12.parquet
2026-07-17 19:09:09,893 [INFO] [SKIP] Ya existe: fhvhv_tripdata_2024-12.parquet
2026-07-17 19:09:09,894 [INFO] [SKIP] Ya existe: yellow_tripdata_2025-01.parquet
2026-07-17 19:09:09,894 [INFO] [SKIP] Ya existe: green_tripdata_2025-01.parquet
2026-07-17 19:09:09,895 [INFO] [SKIP] Ya existe: fhv_tripdata_2025-01.parquet
2026-07-17 19:09:09,897 [INFO] [SKIP] Ya existe: fhv_tripdata_2025-02.parquet
2026-07-17 19:09:09,898 [INFO] [SKIP] Ya existe: yellow_tripdata_2025-02.parquet
2026-07-17 19:09:09,898 [INFO] [SKIP] Ya existe: fhvhv_tripdata_2025-01.parquet
2026-07-17 19:09:09,899 [INFO] [SKIP] Ya existe: yellow_tripdata_2025-03.parquet
2026-07-17 19:09:09,899 [INFO] [SKIP] Ya existe: green_tripdata_2025-02.parquet
2026-07-17 19:09:09,899 [INFO] [SKIP] Ya existe: fhvhv_tripdata_2025-02.parquet
2026-07-17 19:09:09,900 [INFO] [SKIP] Ya existe: green_tripdata_2025-03.parquet
2026-07-17 19:09:09,901 [INFO] [SKIP] Ya existe: fhv_tripdata_2025-03.parquet
2026-07-17 19:09:09,903 [INFO] [SKIP] Ya existe: green_tripdata_2025-04.parquet
2026-07-17 19:09:09,904 [INFO] [SKIP] Ya existe: yellow_tripdata_2025-04.parquet
2026-07-17 19:09:09,904 [INFO] [SKIP] Ya existe: fhvhv_tripdata_2025-03.parquet
2026-07-17 19:09:09,905 [INFO] [SKIP] Ya existe: fhvhv_tripdata_2025-04.parquet
2026-07-17 19:09:09,906 [INFO] [SKIP] Ya existe: yellow_tripdata_2025-05.parquet
2026-07-17 19:09:09,906 [INFO] [SKIP] Ya existe: fhv_tripdata_2025-04.parquet
2026-07-17 19:09:09,908 [INFO] [SKIP] Ya existe: green_tripdata_2025-05.parquet
2026-07-17 19:09:09,909 [INFO] [SKIP] Ya existe: fhv_tripdata_2025-05.parquet
2026-07-17 19:09:09,909 [INFO] [SKIP] Ya existe: fhvhv_tripdata_2025-05.parquet
2026-07-17 19:09:09,910 [INFO] [SKIP] Ya existe: green_tripdata_2025-06.parquet
2026-07-17 19:09:09,910 [INFO] [SKIP] Ya existe: yellow_tripdata_2025-06.parquet
2026-07-17 19:09:09,911 [INFO] [SKIP] Ya existe: fhvhv_tripdata_2025-06.parquet
2026-07-17 19:09:09,911 [INFO] [SKIP] Ya existe: fhv_tripdata_2025-06.parquet
2026-07-17 19:09:09,912 [INFO] [SKIP] Ya existe: yellow_tripdata_2025-07.parquet
2026-07-17 19:09:09,912 [INFO] [SKIP] Ya existe: fhv_tripdata_2025-07.parquet
2026-07-17 19:09:09,915 [INFO] [SKIP] Ya existe: green_tripdata_2025-07.parquet
2026-07-17 19:09:09,916 [INFO] [SKIP] Ya existe: fhvhv_tripdata_2025-07.parquet
2026-07-17 19:09:09,916 [INFO] [SKIP] Ya existe: green_tripdata_2025-08.parquet
2026-07-17 19:09:09,916 [INFO] [SKIP] Ya existe: yellow_tripdata_2025-08.parquet
2026-07-17 19:09:09,917 [INFO] [SKIP] Ya existe: fhvhv_tripdata_2025-08.parquet
2026-07-17 19:09:09,917 [INFO] [SKIP] Ya existe: yellow_tripdata_2025-09.parquet
2026-07-17 19:09:09,917 [INFO] [SKIP] Ya existe: green_tripdata_2025-09.parquet
2026-07-17 19:09:09,917 [INFO] [SKIP] Ya existe: fhv_tripdata_2025-09.parquet
2026-07-17 19:09:09,918 [INFO] [SKIP] Ya existe: fhvhv_tripdata_2025-09.parquet
2026-07-17 19:09:09,918 [INFO] [SKIP] Ya existe: yellow_tripdata_2025-10.parquet
2026-07-17 19:09:09,918 [INFO] [SKIP] Ya existe: green_tripdata_2025-10.parquet
2026-07-17 19:09:09,918 [INFO] [SKIP] Ya existe: fhv_tripdata_2025-08.parquet
2026-07-17 19:09:09,919 [INFO] [SKIP] Ya existe: fhvhv_tripdata_2025-10.parquet
2026-07-17 19:09:09,919 [INFO] [SKIP] Ya existe: fhv_tripdata_2025-10.parquet
2026-07-17 19:09:09,920 [INFO] [SKIP] Ya existe: fhv_tripdata_2025-11.parquet
2026-07-17 19:09:09,920 [INFO] [SKIP] Ya existe: yellow_tripdata_2025-11.parquet
2026-07-17 19:09:09,921 [INFO] [SKIP] Ya existe: green_tripdata_2025-11.parquet
2026-07-17 19:09:09,921 [INFO] [SKIP] Ya existe: fhvhv_tripdata_2025-11.parquet
2026-07-17 19:09:09,922 [INFO] [SKIP] Ya existe: green_tripdata_2025-12.parquet
2026-07-17 19:09:09,922 [INFO] [SKIP] Ya existe: yellow_tripdata_2025-12.parquet
2026-07-17 19:09:09,923 [INFO] [SKIP] Ya existe: fhv_tripdata_2025-12.parquet
2026-07-17 19:09:09,923 [INFO] [SKIP] Ya existe: fhvhv_tripdata_2025-12.parquet
2026-07-17 19:09:09,923 [INFO] [SKIP] Ya existe: green_tripdata_2026-01.parquet
2026-07-17 19:09:09,924 [INFO] [SKIP] Ya existe: fhv_tripdata_2026-01.parquet
2026-07-17 19:09:09,924 [INFO] [SKIP] Ya existe: fhvhv_tripdata_2026-01.parquet
2026-07-17 19:09:09,924 [INFO] [SKIP] Ya existe: yellow_tripdata_2026-01.parquet
2026-07-17 19:09:09,925 [INFO] [SKIP] Ya existe: yellow_tripdata_2026-02.parquet
2026-07-17 19:09:09,925 [INFO] [SKIP] Ya existe: green_tripdata_2026-02.parquet
2026-07-17 19:09:09,926 [INFO] [SKIP] Ya existe: fhv_tripdata_2026-02.parquet
2026-07-17 19:09:09,926 [INFO] [SKIP] Ya existe: fhvhv_tripdata_2026-02.parquet
2026-07-17 19:09:09,927 [INFO] [SKIP] Ya existe: yellow_tripdata_2026-03.parquet
2026-07-17 19:09:09,928 [INFO] [SKIP] Ya existe: green_tripdata_2026-03.parquet
2026-07-17 19:09:09,929 [INFO] [SKIP] Ya existe: fhvhv_tripdata_2026-03.parquet
2026-07-17 19:09:09,930 [INFO] [SKIP] Ya existe: fhv_tripdata_2026-03.parquet
2026-07-17 19:09:09,931 [INFO] [SKIP] Ya existe: yellow_tripdata_2026-04.parquet
2026-07-17 19:09:09,931 [INFO] [SKIP] Ya existe: green_tripdata_2026-04.parquet
2026-07-17 19:09:09,932 [INFO] [SKIP] Ya existe: fhvhv_tripdata_2026-04.parquet
2026-07-17 19:09:09,932 [INFO] [SKIP] Ya existe: fhv_tripdata_2026-04.parquet
2026-07-17 19:09:09,933 [INFO] [SKIP] Ya existe: yellow_tripdata_2026-05.parquet
2026-07-17 19:09:09,934 [INFO] [SKIP] Ya existe: green_tripdata_2026-05.parquet
2026-07-17 19:09:09,938 [INFO] [DOWN] Descargando: fhv_tripdata_2026-05.parquet
2026-07-17 19:09:09,939 [INFO] [SKIP] Ya existe: fhvhv_tripdata_2026-05.parquet
2026-07-17 19:09:10,665 [ERROR] [ERROR] fhv_tripdata_2026-05.parquet: 403 Client Error: Forbidden for url: https://d37ci6vzurychx.cloudfront.net/trip-data/fhv_tripdata_2026-05.parquet
2026-07-17 19:09:10,667 [INFO] ==================================================
2026-07-17 19:09:10,667 [INFO]   OK:          0
2026-07-17 19:09:10,668 [INFO]   Ya existian: 163
2026-07-17 19:09:10,668 [INFO]   No publicados: 0
2026-07-17 19:09:10,668 [INFO]   Timeouts:    0
2026-07-17 19:09:10,668 [INFO]   Errores:     1
2026-07-17 19:09:10,668 [INFO]   Total MB:    0.0
2026-07-17 19:09:10,668 [INFO] ==================================================
