2026-07-17 18:58:40,869 [INFO] Anos a descargar: [2023, 2024, 2025]
2026-07-17 18:58:40,869 [INFO] Tipos: ['yellow', 'green', 'fhv', 'fhvhv']
2026-07-17 18:58:40,869 [INFO] Destino: /home/jovyan/data/bronze
2026-07-17 18:58:40,870 [INFO] Total archivos a procesar: 144
2026-07-17 18:58:40,875 [INFO] [SKIP] Ya existe: yellow_tripdata_2023-01.parquet
2026-07-17 18:58:40,875 [INFO] [SKIP] Ya existe: green_tripdata_2023-01.parquet
2026-07-17 18:58:40,875 [INFO] [SKIP] Ya existe: fhv_tripdata_2023-01.parquet
2026-07-17 18:58:40,876 [INFO] [SKIP] Ya existe: fhvhv_tripdata_2023-01.parquet
2026-07-17 18:58:40,876 [INFO] [SKIP] Ya existe: green_tripdata_2023-02.parquet
2026-07-17 18:58:40,877 [INFO] [SKIP] Ya existe: yellow_tripdata_2023-02.parquet
2026-07-17 18:58:40,878 [INFO] [SKIP] Ya existe: yellow_tripdata_2023-03.parquet
2026-07-17 18:58:40,878 [INFO] [SKIP] Ya existe: fhv_tripdata_2023-02.parquet
2026-07-17 18:58:40,879 [INFO] [SKIP] Ya existe: fhvhv_tripdata_2023-02.parquet
2026-07-17 18:58:40,879 [INFO] [SKIP] Ya existe: green_tripdata_2023-03.parquet
2026-07-17 18:58:40,880 [INFO] [SKIP] Ya existe: fhv_tripdata_2023-03.parquet
2026-07-17 18:58:40,880 [INFO] [SKIP] Ya existe: fhvhv_tripdata_2023-03.parquet
2026-07-17 18:58:40,880 [INFO] [SKIP] Ya existe: yellow_tripdata_2023-04.parquet
2026-07-17 18:58:40,881 [INFO] [SKIP] Ya existe: fhv_tripdata_2023-04.parquet
2026-07-17 18:58:40,882 [INFO] [SKIP] Ya existe: green_tripdata_2023-04.parquet
2026-07-17 18:58:40,882 [INFO] [SKIP] Ya existe: fhvhv_tripdata_2023-04.parquet
2026-07-17 18:58:40,882 [INFO] [SKIP] Ya existe: yellow_tripdata_2023-05.parquet
2026-07-17 18:58:40,883 [INFO] [SKIP] Ya existe: green_tripdata_2023-05.parquet
2026-07-17 18:58:40,883 [INFO] [SKIP] Ya existe: fhv_tripdata_2023-05.parquet
2026-07-17 18:58:40,884 [INFO] [SKIP] Ya existe: fhvhv_tripdata_2023-05.parquet
2026-07-17 18:58:40,884 [INFO] [SKIP] Ya existe: green_tripdata_2023-06.parquet
2026-07-17 18:58:40,884 [INFO] [SKIP] Ya existe: yellow_tripdata_2023-06.parquet
2026-07-17 18:58:40,885 [INFO] [SKIP] Ya existe: fhv_tripdata_2023-06.parquet
2026-07-17 18:58:40,885 [INFO] [SKIP] Ya existe: fhvhv_tripdata_2023-06.parquet
2026-07-17 18:58:40,887 [INFO] [SKIP] Ya existe: yellow_tripdata_2023-07.parquet
2026-07-17 18:58:40,888 [INFO] [SKIP] Ya existe: green_tripdata_2023-07.parquet
2026-07-17 18:58:40,888 [INFO] [SKIP] Ya existe: fhv_tripdata_2023-07.parquet
2026-07-17 18:58:40,889 [INFO] [SKIP] Ya existe: fhvhv_tripdata_2023-07.parquet
2026-07-17 18:58:40,889 [INFO] [SKIP] Ya existe: yellow_tripdata_2023-08.parquet
2026-07-17 18:58:40,890 [INFO] [SKIP] Ya existe: green_tripdata_2023-08.parquet
2026-07-17 18:58:40,891 [INFO] [SKIP] Ya existe: fhvhv_tripdata_2023-08.parquet
2026-07-17 18:58:40,891 [INFO] [SKIP] Ya existe: fhv_tripdata_2023-08.parquet
2026-07-17 18:58:40,892 [INFO] [SKIP] Ya existe: green_tripdata_2023-09.parquet
2026-07-17 18:58:40,892 [INFO] [SKIP] Ya existe: fhv_tripdata_2023-09.parquet
2026-07-17 18:58:40,892 [INFO] [SKIP] Ya existe: yellow_tripdata_2023-09.parquet
2026-07-17 18:58:40,893 [INFO] [SKIP] Ya existe: fhvhv_tripdata_2023-09.parquet
2026-07-17 18:58:40,893 [INFO] [SKIP] Ya existe: yellow_tripdata_2023-10.parquet
2026-07-17 18:58:40,894 [INFO] [SKIP] Ya existe: fhv_tripdata_2023-10.parquet
2026-07-17 18:58:40,894 [INFO] [SKIP] Ya existe: fhvhv_tripdata_2023-10.parquet
2026-07-17 18:58:40,894 [INFO] [SKIP] Ya existe: green_tripdata_2023-10.parquet
2026-07-17 18:58:40,895 [INFO] [SKIP] Ya existe: yellow_tripdata_2023-11.parquet
2026-07-17 18:58:40,895 [INFO] [SKIP] Ya existe: green_tripdata_2023-11.parquet
2026-07-17 18:58:40,896 [INFO] [SKIP] Ya existe: fhv_tripdata_2023-11.parquet
2026-07-17 18:58:40,896 [INFO] [SKIP] Ya existe: fhvhv_tripdata_2023-11.parquet
2026-07-17 18:58:40,897 [INFO] [SKIP] Ya existe: yellow_tripdata_2023-12.parquet
2026-07-17 18:58:40,898 [INFO] [SKIP] Ya existe: fhv_tripdata_2023-12.parquet
2026-07-17 18:58:40,898 [INFO] [SKIP] Ya existe: fhvhv_tripdata_2023-12.parquet
2026-07-17 18:58:40,899 [INFO] [SKIP] Ya existe: green_tripdata_2023-12.parquet
2026-07-17 18:58:40,899 [INFO] [SKIP] Ya existe: green_tripdata_2024-01.parquet
2026-07-17 18:58:40,900 [INFO] [SKIP] Ya existe: yellow_tripdata_2024-02.parquet
2026-07-17 18:58:40,900 [INFO] [SKIP] Ya existe: fhvhv_tripdata_2024-01.parquet
2026-07-17 18:58:40,901 [INFO] [SKIP] Ya existe: fhv_tripdata_2024-01.parquet
2026-07-17 18:58:40,901 [INFO] [SKIP] Ya existe: yellow_tripdata_2024-01.parquet
2026-07-17 18:58:40,901 [INFO] [SKIP] Ya existe: fhv_tripdata_2024-02.parquet
2026-07-17 18:58:40,901 [INFO] [SKIP] Ya existe: fhvhv_tripdata_2024-02.parquet
2026-07-17 18:58:40,902 [INFO] [SKIP] Ya existe: yellow_tripdata_2024-03.parquet
2026-07-17 18:58:40,902 [INFO] [SKIP] Ya existe: green_tripdata_2024-02.parquet
2026-07-17 18:58:40,902 [INFO] [SKIP] Ya existe: green_tripdata_2024-03.parquet
2026-07-17 18:58:40,903 [INFO] [SKIP] Ya existe: fhv_tripdata_2024-03.parquet
2026-07-17 18:58:40,903 [INFO] [SKIP] Ya existe: fhvhv_tripdata_2024-03.parquet
2026-07-17 18:58:40,904 [INFO] [SKIP] Ya existe: green_tripdata_2024-04.parquet
2026-07-17 18:58:40,904 [INFO] [SKIP] Ya existe: yellow_tripdata_2024-04.parquet
2026-07-17 18:58:40,905 [INFO] [SKIP] Ya existe: fhv_tripdata_2024-04.parquet
2026-07-17 18:58:40,906 [INFO] [SKIP] Ya existe: fhvhv_tripdata_2024-04.parquet
2026-07-17 18:58:40,906 [INFO] [SKIP] Ya existe: yellow_tripdata_2024-05.parquet
2026-07-17 18:58:40,906 [INFO] [SKIP] Ya existe: green_tripdata_2024-05.parquet
2026-07-17 18:58:40,907 [INFO] [SKIP] Ya existe: fhv_tripdata_2024-05.parquet
2026-07-17 18:58:40,908 [INFO] [SKIP] Ya existe: yellow_tripdata_2024-06.parquet
2026-07-17 18:58:40,909 [INFO] [SKIP] Ya existe: fhvhv_tripdata_2024-05.parquet
2026-07-17 18:58:40,909 [INFO] [SKIP] Ya existe: green_tripdata_2024-06.parquet
2026-07-17 18:58:40,911 [INFO] [SKIP] Ya existe: fhvhv_tripdata_2024-06.parquet
2026-07-17 18:58:40,911 [INFO] [SKIP] Ya existe: fhv_tripdata_2024-06.parquet
2026-07-17 18:58:40,912 [INFO] [SKIP] Ya existe: yellow_tripdata_2024-07.parquet
2026-07-17 18:58:40,912 [INFO] [SKIP] Ya existe: green_tripdata_2024-07.parquet
2026-07-17 18:58:40,913 [INFO] [SKIP] Ya existe: fhv_tripdata_2024-07.parquet
2026-07-17 18:58:40,914 [INFO] [SKIP] Ya existe: fhvhv_tripdata_2024-07.parquet
2026-07-17 18:58:40,915 [INFO] [SKIP] Ya existe: green_tripdata_2024-08.parquet
2026-07-17 18:58:40,915 [INFO] [SKIP] Ya existe: yellow_tripdata_2024-08.parquet
2026-07-17 18:58:40,915 [INFO] [SKIP] Ya existe: fhv_tripdata_2024-08.parquet
2026-07-17 18:58:40,916 [INFO] [SKIP] Ya existe: yellow_tripdata_2024-09.parquet
2026-07-17 18:58:40,917 [INFO] [SKIP] Ya existe: green_tripdata_2024-09.parquet
2026-07-17 18:58:40,917 [INFO] [SKIP] Ya existe: fhvhv_tripdata_2024-08.parquet
2026-07-17 18:58:40,918 [INFO] [SKIP] Ya existe: fhvhv_tripdata_2024-09.parquet
2026-07-17 18:58:40,918 [INFO] [SKIP] Ya existe: fhv_tripdata_2024-09.parquet
2026-07-17 18:58:40,919 [INFO] [SKIP] Ya existe: green_tripdata_2024-10.parquet
2026-07-17 18:58:40,920 [INFO] [SKIP] Ya existe: fhv_tripdata_2024-10.parquet
2026-07-17 18:58:40,920 [INFO] [SKIP] Ya existe: yellow_tripdata_2024-10.parquet
2026-07-17 18:58:40,921 [INFO] [SKIP] Ya existe: fhvhv_tripdata_2024-10.parquet
2026-07-17 18:58:40,921 [INFO] [SKIP] Ya existe: yellow_tripdata_2024-11.parquet
2026-07-17 18:58:40,922 [INFO] [SKIP] Ya existe: green_tripdata_2024-11.parquet
2026-07-17 18:58:40,923 [INFO] [SKIP] Ya existe: fhv_tripdata_2024-11.parquet
2026-07-17 18:58:40,923 [INFO] [SKIP] Ya existe: yellow_tripdata_2024-12.parquet
2026-07-17 18:58:40,923 [INFO] [SKIP] Ya existe: fhvhv_tripdata_2024-11.parquet
2026-07-17 18:58:40,924 [INFO] [SKIP] Ya existe: green_tripdata_2024-12.parquet
2026-07-17 18:58:40,925 [INFO] [SKIP] Ya existe: fhvhv_tripdata_2024-12.parquet
2026-07-17 18:58:40,925 [INFO] [SKIP] Ya existe: fhv_tripdata_2024-12.parquet
2026-07-17 18:58:40,926 [INFO] [SKIP] Ya existe: yellow_tripdata_2025-01.parquet
2026-07-17 18:58:40,926 [INFO] [SKIP] Ya existe: green_tripdata_2025-01.parquet
2026-07-17 18:58:40,927 [INFO] [SKIP] Ya existe: fhv_tripdata_2025-01.parquet
2026-07-17 18:58:40,927 [INFO] [SKIP] Ya existe: fhvhv_tripdata_2025-01.parquet
2026-07-17 18:58:40,928 [INFO] [SKIP] Ya existe: green_tripdata_2025-02.parquet
2026-07-17 18:58:40,928 [INFO] [SKIP] Ya existe: fhv_tripdata_2025-02.parquet
2026-07-17 18:58:40,928 [INFO] [SKIP] Ya existe: yellow_tripdata_2025-02.parquet
2026-07-17 18:58:40,929 [INFO] [SKIP] Ya existe: fhvhv_tripdata_2025-02.parquet
2026-07-17 18:58:40,929 [INFO] [SKIP] Ya existe: yellow_tripdata_2025-03.parquet
2026-07-17 18:58:40,930 [INFO] [SKIP] Ya existe: green_tripdata_2025-03.parquet
2026-07-17 18:58:40,930 [INFO] [SKIP] Ya existe: fhv_tripdata_2025-03.parquet
2026-07-17 18:58:40,931 [INFO] [SKIP] Ya existe: yellow_tripdata_2025-04.parquet
2026-07-17 18:58:40,931 [INFO] [SKIP] Ya existe: green_tripdata_2025-04.parquet
2026-07-17 18:58:40,931 [INFO] [SKIP] Ya existe: fhvhv_tripdata_2025-03.parquet
2026-07-17 18:58:40,932 [INFO] [SKIP] Ya existe: fhv_tripdata_2025-04.parquet
2026-07-17 18:58:40,932 [INFO] [SKIP] Ya existe: fhvhv_tripdata_2025-04.parquet
2026-07-17 18:58:40,933 [INFO] [SKIP] Ya existe: yellow_tripdata_2025-05.parquet
2026-07-17 18:58:40,934 [INFO] [SKIP] Ya existe: green_tripdata_2025-05.parquet
2026-07-17 18:58:40,935 [INFO] [SKIP] Ya existe: fhv_tripdata_2025-05.parquet
2026-07-17 18:58:40,935 [INFO] [SKIP] Ya existe: fhvhv_tripdata_2025-05.parquet
2026-07-17 18:58:40,936 [INFO] [SKIP] Ya existe: green_tripdata_2025-06.parquet
2026-07-17 18:58:40,936 [INFO] [SKIP] Ya existe: yellow_tripdata_2025-06.parquet
2026-07-17 18:58:40,937 [INFO] [SKIP] Ya existe: fhv_tripdata_2025-06.parquet
2026-07-17 18:58:40,937 [INFO] [SKIP] Ya existe: fhvhv_tripdata_2025-06.parquet
2026-07-17 18:58:40,938 [INFO] [SKIP] Ya existe: yellow_tripdata_2025-07.parquet
2026-07-17 18:58:40,938 [INFO] [SKIP] Ya existe: green_tripdata_2025-07.parquet
2026-07-17 18:58:40,940 [INFO] [SKIP] Ya existe: fhvhv_tripdata_2025-07.parquet
2026-07-17 18:58:40,940 [INFO] [SKIP] Ya existe: yellow_tripdata_2025-08.parquet
2026-07-17 18:58:40,941 [INFO] [SKIP] Ya existe: fhv_tripdata_2025-07.parquet
2026-07-17 18:58:40,941 [INFO] [SKIP] Ya existe: green_tripdata_2025-08.parquet
2026-07-17 18:58:40,942 [INFO] [SKIP] Ya existe: fhv_tripdata_2025-08.parquet
2026-07-17 18:58:40,942 [INFO] [SKIP] Ya existe: fhvhv_tripdata_2025-08.parquet
2026-07-17 18:58:40,943 [INFO] [SKIP] Ya existe: yellow_tripdata_2025-09.parquet
2026-07-17 18:58:40,944 [INFO] [SKIP] Ya existe: green_tripdata_2025-09.parquet
2026-07-17 18:58:40,945 [INFO] [SKIP] Ya existe: fhv_tripdata_2025-09.parquet
2026-07-17 18:58:40,946 [INFO] [SKIP] Ya existe: fhvhv_tripdata_2025-09.parquet
2026-07-17 18:58:40,947 [INFO] [SKIP] Ya existe: green_tripdata_2025-10.parquet
2026-07-17 18:58:40,948 [INFO] [SKIP] Ya existe: fhv_tripdata_2025-10.parquet
2026-07-17 18:58:40,948 [INFO] [SKIP] Ya existe: yellow_tripdata_2025-10.parquet
2026-07-17 18:58:40,949 [INFO] [SKIP] Ya existe: fhvhv_tripdata_2025-10.parquet
2026-07-17 18:58:40,949 [INFO] [SKIP] Ya existe: yellow_tripdata_2025-11.parquet
2026-07-17 18:58:40,950 [INFO] [SKIP] Ya existe: green_tripdata_2025-11.parquet
2026-07-17 18:58:40,950 [INFO] [SKIP] Ya existe: fhvhv_tripdata_2025-11.parquet
2026-07-17 18:58:40,951 [INFO] [SKIP] Ya existe: yellow_tripdata_2025-12.parquet
2026-07-17 18:58:40,951 [INFO] [SKIP] Ya existe: fhv_tripdata_2025-11.parquet
2026-07-17 18:58:40,952 [INFO] [SKIP] Ya existe: green_tripdata_2025-12.parquet
2026-07-17 18:58:40,952 [INFO] [SKIP] Ya existe: fhv_tripdata_2025-12.parquet
2026-07-17 18:58:40,952 [INFO] [SKIP] Ya existe: fhvhv_tripdata_2025-12.parquet
2026-07-17 18:58:40,954 [INFO] ==================================================
2026-07-17 18:58:40,954 [INFO]   OK:          0
2026-07-17 18:58:40,954 [INFO]   Ya existian: 144
2026-07-17 18:58:40,954 [INFO]   No publicados: 0
2026-07-17 18:58:40,954 [INFO]   Timeouts:    0
2026-07-17 18:58:40,954 [INFO]   Errores:     0
2026-07-17 18:58:40,954 [INFO]   Total MB:    0.0
2026-07-17 18:58:40,954 [INFO] ==================================================
