2026-06-25 21:56:58,198 [INFO] Anos a descargar: [2023, 2024, 2025]
2026-06-25 21:56:58,198 [INFO] Tipos: ['fhvhv']
2026-06-25 21:56:58,198 [INFO] Destino: /home/jovyan/data/bronze
2026-06-25 21:56:58,198 [INFO] Total archivos a procesar: 36
2026-06-25 21:56:58,199 [INFO] [SKIP] Ya existe: fhvhv_tripdata_2023-01.parquet
2026-06-25 21:56:58,201 [INFO] [SKIP] Ya existe: fhvhv_tripdata_2023-02.parquet
2026-06-25 21:56:58,201 [INFO] [SKIP] Ya existe: fhvhv_tripdata_2023-03.parquet
2026-06-25 21:56:58,203 [INFO] [SKIP] Ya existe: fhvhv_tripdata_2023-04.parquet
2026-06-25 21:56:58,203 [INFO] [SKIP] Ya existe: fhvhv_tripdata_2023-05.parquet
2026-06-25 21:56:58,205 [INFO] [SKIP] Ya existe: fhvhv_tripdata_2023-06.parquet
2026-06-25 21:56:58,206 [INFO] [SKIP] Ya existe: fhvhv_tripdata_2023-07.parquet
2026-06-25 21:56:58,207 [INFO] [SKIP] Ya existe: fhvhv_tripdata_2023-09.parquet
2026-06-25 21:56:58,208 [INFO] [SKIP] Ya existe: fhvhv_tripdata_2023-08.parquet
2026-06-25 21:56:58,208 [INFO] [SKIP] Ya existe: fhvhv_tripdata_2023-10.parquet
2026-06-25 21:56:58,208 [INFO] [SKIP] Ya existe: fhvhv_tripdata_2023-11.parquet
2026-06-25 21:56:58,209 [INFO] [SKIP] Ya existe: fhvhv_tripdata_2023-12.parquet
2026-06-25 21:56:58,209 [INFO] [SKIP] Ya existe: fhvhv_tripdata_2024-01.parquet
2026-06-25 21:56:58,210 [INFO] [SKIP] Ya existe: fhvhv_tripdata_2024-02.parquet
2026-06-25 21:56:58,210 [INFO] [SKIP] Ya existe: fhvhv_tripdata_2024-03.parquet
2026-06-25 21:56:58,211 [INFO] [SKIP] Ya existe: fhvhv_tripdata_2024-04.parquet
2026-06-25 21:56:58,211 [INFO] [SKIP] Ya existe: fhvhv_tripdata_2024-05.parquet
2026-06-25 21:56:58,212 [INFO] [SKIP] Ya existe: fhvhv_tripdata_2024-06.parquet
2026-06-25 21:56:58,212 [INFO] [SKIP] Ya existe: fhvhv_tripdata_2024-07.parquet
2026-06-25 21:56:58,213 [INFO] [SKIP] Ya existe: fhvhv_tripdata_2024-09.parquet
2026-06-25 21:56:58,213 [INFO] [SKIP] Ya existe: fhvhv_tripdata_2024-08.parquet
2026-06-25 21:56:58,214 [INFO] [SKIP] Ya existe: fhvhv_tripdata_2024-11.parquet
2026-06-25 21:56:58,214 [INFO] [SKIP] Ya existe: fhvhv_tripdata_2024-12.parquet
2026-06-25 21:56:58,215 [INFO] [SKIP] Ya existe: fhvhv_tripdata_2024-10.parquet
2026-06-25 21:56:58,215 [INFO] [SKIP] Ya existe: fhvhv_tripdata_2025-02.parquet
2026-06-25 21:56:58,215 [INFO] [SKIP] Ya existe: fhvhv_tripdata_2025-01.parquet
2026-06-25 21:56:58,216 [INFO] [SKIP] Ya existe: fhvhv_tripdata_2025-03.parquet
2026-06-25 21:56:58,216 [INFO] [SKIP] Ya existe: fhvhv_tripdata_2025-04.parquet
2026-06-25 21:56:58,217 [INFO] [SKIP] Ya existe: fhvhv_tripdata_2025-05.parquet
2026-06-25 21:56:58,217 [INFO] [SKIP] Ya existe: fhvhv_tripdata_2025-06.parquet
2026-06-25 21:56:58,218 [INFO] [SKIP] Ya existe: fhvhv_tripdata_2025-07.parquet
2026-06-25 21:56:58,218 [INFO] [SKIP] Ya existe: fhvhv_tripdata_2025-08.parquet
2026-06-25 21:56:58,219 [INFO] [SKIP] Ya existe: fhvhv_tripdata_2025-09.parquet
2026-06-25 21:56:58,220 [INFO] [SKIP] Ya existe: fhvhv_tripdata_2025-11.parquet
2026-06-25 21:56:58,221 [INFO] [SKIP] Ya existe: fhvhv_tripdata_2025-10.parquet
2026-06-25 21:56:58,222 [INFO] [SKIP] Ya existe: fhvhv_tripdata_2025-12.parquet
2026-06-25 21:56:58,224 [INFO] ==================================================
2026-06-25 21:56:58,224 [INFO]   OK:          0
2026-06-25 21:56:58,224 [INFO]   Ya existian: 36
2026-06-25 21:56:58,224 [INFO]   No publicados: 0
2026-06-25 21:56:58,224 [INFO]   Timeouts:    0
2026-06-25 21:56:58,224 [INFO]   Errores:     0
2026-06-25 21:56:58,224 [INFO]   Total MB:    0.0
2026-06-25 21:56:58,224 [INFO] ==================================================
