2026-07-17 19:12:17,053 [INFO] Anos a descargar: [2023, 2024, 2025, 2026]
2026-07-17 19:12:17,054 [INFO] Tipos: ['yellow', 'green', 'fhv', 'fhvhv']
2026-07-17 19:12:17,054 [INFO] Destino: /home/jovyan/data/bronze
2026-07-17 19:12:17,055 [INFO] Total archivos a procesar: 164
2026-07-17 19:12:17,057 [INFO] [SKIP] Ya existe: yellow_tripdata_2023-01.parquet
2026-07-17 19:12:17,058 [INFO] [SKIP] Ya existe: green_tripdata_2023-01.parquet
2026-07-17 19:12:17,059 [INFO] [SKIP] Ya existe: fhvhv_tripdata_2023-01.parquet
2026-07-17 19:12:17,060 [INFO] [SKIP] Ya existe: yellow_tripdata_2023-02.parquet
2026-07-17 19:12:17,060 [INFO] [SKIP] Ya existe: fhv_tripdata_2023-01.parquet
2026-07-17 19:12:17,063 [INFO] [SKIP] Ya existe: fhv_tripdata_2023-02.parquet
2026-07-17 19:12:17,063 [INFO] [SKIP] Ya existe: green_tripdata_2023-02.parquet
2026-07-17 19:12:17,064 [INFO] [SKIP] Ya existe: yellow_tripdata_2023-03.parquet
2026-07-17 19:12:17,064 [INFO] [SKIP] Ya existe: green_tripdata_2023-03.parquet
2026-07-17 19:12:17,065 [INFO] [SKIP] Ya existe: fhvhv_tripdata_2023-02.parquet
2026-07-17 19:12:17,066 [INFO] [SKIP] Ya existe: fhvhv_tripdata_2023-03.parquet
2026-07-17 19:12:17,066 [INFO] [SKIP] Ya existe: fhv_tripdata_2023-03.parquet
2026-07-17 19:12:17,066 [INFO] [SKIP] Ya existe: yellow_tripdata_2023-04.parquet
2026-07-17 19:12:17,067 [INFO] [SKIP] Ya existe: green_tripdata_2023-04.parquet
2026-07-17 19:12:17,067 [INFO] [SKIP] Ya existe: fhv_tripdata_2023-04.parquet
2026-07-17 19:12:17,068 [INFO] [SKIP] Ya existe: fhvhv_tripdata_2023-04.parquet
2026-07-17 19:12:17,068 [INFO] [SKIP] Ya existe: green_tripdata_2023-05.parquet
2026-07-17 19:12:17,068 [INFO] [SKIP] Ya existe: yellow_tripdata_2023-05.parquet
2026-07-17 19:12:17,069 [INFO] [SKIP] Ya existe: fhv_tripdata_2023-05.parquet
2026-07-17 19:12:17,069 [INFO] [SKIP] Ya existe: yellow_tripdata_2023-06.parquet
2026-07-17 19:12:17,070 [INFO] [SKIP] Ya existe: fhvhv_tripdata_2023-05.parquet
2026-07-17 19:12:17,070 [INFO] [SKIP] Ya existe: green_tripdata_2023-06.parquet
2026-07-17 19:12:17,071 [INFO] [SKIP] Ya existe: fhv_tripdata_2023-06.parquet
2026-07-17 19:12:17,071 [INFO] [SKIP] Ya existe: fhvhv_tripdata_2023-06.parquet
2026-07-17 19:12:17,072 [INFO] [SKIP] Ya existe: yellow_tripdata_2023-07.parquet
2026-07-17 19:12:17,072 [INFO] [SKIP] Ya existe: green_tripdata_2023-07.parquet
2026-07-17 19:12:17,072 [INFO] [SKIP] Ya existe: fhv_tripdata_2023-07.parquet
2026-07-17 19:12:17,073 [INFO] [SKIP] Ya existe: fhvhv_tripdata_2023-07.parquet
2026-07-17 19:12:17,073 [INFO] [SKIP] Ya existe: yellow_tripdata_2023-08.parquet
2026-07-17 19:12:17,074 [INFO] [SKIP] Ya existe: green_tripdata_2023-08.parquet
2026-07-17 19:12:17,074 [INFO] [SKIP] Ya existe: fhv_tripdata_2023-08.parquet
2026-07-17 19:12:17,074 [INFO] [SKIP] Ya existe: fhvhv_tripdata_2023-08.parquet
2026-07-17 19:12:17,075 [INFO] [SKIP] Ya existe: yellow_tripdata_2023-09.parquet
2026-07-17 19:12:17,075 [INFO] [SKIP] Ya existe: green_tripdata_2023-09.parquet
2026-07-17 19:12:17,076 [INFO] [SKIP] Ya existe: fhvhv_tripdata_2023-09.parquet
2026-07-17 19:12:17,076 [INFO] [SKIP] Ya existe: fhv_tripdata_2023-09.parquet
2026-07-17 19:12:17,076 [INFO] [SKIP] Ya existe: yellow_tripdata_2023-10.parquet
2026-07-17 19:12:17,078 [INFO] [SKIP] Ya existe: fhv_tripdata_2023-10.parquet
2026-07-17 19:12:17,078 [INFO] [SKIP] Ya existe: fhvhv_tripdata_2023-10.parquet
2026-07-17 19:12:17,078 [INFO] [SKIP] Ya existe: yellow_tripdata_2023-11.parquet
2026-07-17 19:12:17,078 [INFO] [SKIP] Ya existe: green_tripdata_2023-11.parquet
2026-07-17 19:12:17,079 [INFO] [SKIP] Ya existe: fhv_tripdata_2023-11.parquet
2026-07-17 19:12:17,079 [INFO] [SKIP] Ya existe: fhvhv_tripdata_2023-11.parquet
2026-07-17 19:12:17,079 [INFO] [SKIP] Ya existe: yellow_tripdata_2023-12.parquet
2026-07-17 19:12:17,079 [INFO] [SKIP] Ya existe: green_tripdata_2023-12.parquet
2026-07-17 19:12:17,080 [INFO] [SKIP] Ya existe: fhv_tripdata_2023-12.parquet
2026-07-17 19:12:17,080 [INFO] [SKIP] Ya existe: fhvhv_tripdata_2023-12.parquet
2026-07-17 19:12:17,080 [INFO] [SKIP] Ya existe: yellow_tripdata_2024-01.parquet
2026-07-17 19:12:17,080 [INFO] [SKIP] Ya existe: green_tripdata_2024-01.parquet
2026-07-17 19:12:17,080 [INFO] [SKIP] Ya existe: fhv_tripdata_2024-01.parquet
2026-07-17 19:12:17,080 [INFO] [SKIP] Ya existe: fhvhv_tripdata_2024-01.parquet
2026-07-17 19:12:17,081 [INFO] [SKIP] Ya existe: yellow_tripdata_2024-02.parquet
2026-07-17 19:12:17,081 [INFO] [SKIP] Ya existe: green_tripdata_2023-10.parquet
2026-07-17 19:12:17,082 [INFO] [SKIP] Ya existe: green_tripdata_2024-02.parquet
2026-07-17 19:12:17,083 [INFO] [SKIP] Ya existe: fhv_tripdata_2024-02.parquet
2026-07-17 19:12:17,084 [INFO] [SKIP] Ya existe: yellow_tripdata_2024-03.parquet
2026-07-17 19:12:17,084 [INFO] [SKIP] Ya existe: fhvhv_tripdata_2024-02.parquet
2026-07-17 19:12:17,085 [INFO] [SKIP] Ya existe: green_tripdata_2024-03.parquet
2026-07-17 19:12:17,086 [INFO] [SKIP] Ya existe: fhvhv_tripdata_2024-03.parquet
2026-07-17 19:12:17,087 [INFO] [SKIP] Ya existe: fhv_tripdata_2024-03.parquet
2026-07-17 19:12:17,087 [INFO] [SKIP] Ya existe: yellow_tripdata_2024-04.parquet
2026-07-17 19:12:17,087 [INFO] [SKIP] Ya existe: green_tripdata_2024-04.parquet
2026-07-17 19:12:17,088 [INFO] [SKIP] Ya existe: fhv_tripdata_2024-04.parquet
2026-07-17 19:12:17,089 [INFO] [SKIP] Ya existe: fhvhv_tripdata_2024-04.parquet
2026-07-17 19:12:17,089 [INFO] [SKIP] Ya existe: yellow_tripdata_2024-05.parquet
2026-07-17 19:12:17,090 [INFO] [SKIP] Ya existe: green_tripdata_2024-05.parquet
2026-07-17 19:12:17,091 [INFO] [SKIP] Ya existe: fhv_tripdata_2024-05.parquet
2026-07-17 19:12:17,091 [INFO] [SKIP] Ya existe: fhvhv_tripdata_2024-05.parquet
2026-07-17 19:12:17,092 [INFO] [SKIP] Ya existe: green_tripdata_2024-06.parquet
2026-07-17 19:12:17,092 [INFO] [SKIP] Ya existe: yellow_tripdata_2024-06.parquet
2026-07-17 19:12:17,094 [INFO] [SKIP] Ya existe: yellow_tripdata_2024-07.parquet
2026-07-17 19:12:17,094 [INFO] [SKIP] Ya existe: fhvhv_tripdata_2024-06.parquet
2026-07-17 19:12:17,095 [INFO] [SKIP] Ya existe: fhv_tripdata_2024-06.parquet
2026-07-17 19:12:17,095 [INFO] [SKIP] Ya existe: fhv_tripdata_2024-07.parquet
2026-07-17 19:12:17,096 [INFO] [SKIP] Ya existe: green_tripdata_2024-07.parquet
2026-07-17 19:12:17,097 [INFO] [SKIP] Ya existe: fhvhv_tripdata_2024-07.parquet
2026-07-17 19:12:17,098 [INFO] [SKIP] Ya existe: yellow_tripdata_2024-08.parquet
2026-07-17 19:12:17,099 [INFO] [SKIP] Ya existe: green_tripdata_2024-08.parquet
2026-07-17 19:12:17,099 [INFO] [SKIP] Ya existe: fhvhv_tripdata_2024-08.parquet
2026-07-17 19:12:17,100 [INFO] [SKIP] Ya existe: fhv_tripdata_2024-08.parquet
2026-07-17 19:12:17,100 [INFO] [SKIP] Ya existe: yellow_tripdata_2024-09.parquet
2026-07-17 19:12:17,101 [INFO] [SKIP] Ya existe: green_tripdata_2024-09.parquet
2026-07-17 19:12:17,102 [INFO] [SKIP] Ya existe: fhv_tripdata_2024-09.parquet
2026-07-17 19:12:17,102 [INFO] [SKIP] Ya existe: fhvhv_tripdata_2024-09.parquet
2026-07-17 19:12:17,102 [INFO] [SKIP] Ya existe: yellow_tripdata_2024-10.parquet
2026-07-17 19:12:17,103 [INFO] [SKIP] Ya existe: fhvhv_tripdata_2024-10.parquet
2026-07-17 19:12:17,103 [INFO] [SKIP] Ya existe: yellow_tripdata_2024-11.parquet
2026-07-17 19:12:17,104 [INFO] [SKIP] Ya existe: fhv_tripdata_2024-10.parquet
2026-07-17 19:12:17,104 [INFO] [SKIP] Ya existe: green_tripdata_2024-10.parquet
2026-07-17 19:12:17,104 [INFO] [SKIP] Ya existe: green_tripdata_2024-11.parquet
2026-07-17 19:12:17,104 [INFO] [SKIP] Ya existe: fhv_tripdata_2024-11.parquet
2026-07-17 19:12:17,105 [INFO] [SKIP] Ya existe: fhvhv_tripdata_2024-11.parquet
2026-07-17 19:12:17,105 [INFO] [SKIP] Ya existe: yellow_tripdata_2024-12.parquet
2026-07-17 19:12:17,105 [INFO] [SKIP] Ya existe: green_tripdata_2024-12.parquet
2026-07-17 19:12:17,106 [INFO] [SKIP] Ya existe: fhv_tripdata_2024-12.parquet
2026-07-17 19:12:17,106 [INFO] [SKIP] Ya existe: fhvhv_tripdata_2024-12.parquet
2026-07-17 19:12:17,107 [INFO] [SKIP] Ya existe: green_tripdata_2025-01.parquet
2026-07-17 19:12:17,107 [INFO] [SKIP] Ya existe: yellow_tripdata_2025-01.parquet
2026-07-17 19:12:17,108 [INFO] [SKIP] Ya existe: fhvhv_tripdata_2025-01.parquet
2026-07-17 19:12:17,108 [INFO] [SKIP] Ya existe: fhv_tripdata_2025-01.parquet
2026-07-17 19:12:17,108 [INFO] [SKIP] Ya existe: yellow_tripdata_2025-02.parquet
2026-07-17 19:12:17,109 [INFO] [SKIP] Ya existe: fhv_tripdata_2025-02.parquet
2026-07-17 19:12:17,109 [INFO] [SKIP] Ya existe: green_tripdata_2025-02.parquet
2026-07-17 19:12:17,110 [INFO] [SKIP] Ya existe: fhvhv_tripdata_2025-02.parquet
2026-07-17 19:12:17,111 [INFO] [SKIP] Ya existe: green_tripdata_2025-03.parquet
2026-07-17 19:12:17,111 [INFO] [SKIP] Ya existe: fhv_tripdata_2025-03.parquet
2026-07-17 19:12:17,112 [INFO] [SKIP] Ya existe: yellow_tripdata_2025-03.parquet
2026-07-17 19:12:17,112 [INFO] [SKIP] Ya existe: yellow_tripdata_2025-04.parquet
2026-07-17 19:12:17,113 [INFO] [SKIP] Ya existe: fhvhv_tripdata_2025-03.parquet
2026-07-17 19:12:17,113 [INFO] [SKIP] Ya existe: green_tripdata_2025-04.parquet
2026-07-17 19:12:17,114 [INFO] [SKIP] Ya existe: fhv_tripdata_2025-04.parquet
2026-07-17 19:12:17,115 [INFO] [SKIP] Ya existe: fhvhv_tripdata_2025-04.parquet
2026-07-17 19:12:17,115 [INFO] [SKIP] Ya existe: yellow_tripdata_2025-05.parquet
2026-07-17 19:12:17,116 [INFO] [SKIP] Ya existe: fhv_tripdata_2025-05.parquet
2026-07-17 19:12:17,117 [INFO] [SKIP] Ya existe: green_tripdata_2025-05.parquet
2026-07-17 19:12:17,117 [INFO] [SKIP] Ya existe: fhvhv_tripdata_2025-05.parquet
2026-07-17 19:12:17,118 [INFO] [SKIP] Ya existe: yellow_tripdata_2025-06.parquet
2026-07-17 19:12:17,118 [INFO] [SKIP] Ya existe: green_tripdata_2025-06.parquet
2026-07-17 19:12:17,118 [INFO] [SKIP] Ya existe: fhv_tripdata_2025-06.parquet
2026-07-17 19:12:17,119 [INFO] [SKIP] Ya existe: fhvhv_tripdata_2025-06.parquet
2026-07-17 19:12:17,119 [INFO] [SKIP] Ya existe: yellow_tripdata_2025-07.parquet
2026-07-17 19:12:17,119 [INFO] [SKIP] Ya existe: green_tripdata_2025-07.parquet
2026-07-17 19:12:17,119 [INFO] [SKIP] Ya existe: fhv_tripdata_2025-07.parquet
2026-07-17 19:12:17,119 [INFO] [SKIP] Ya existe: fhvhv_tripdata_2025-07.parquet
2026-07-17 19:12:17,119 [INFO] [SKIP] Ya existe: yellow_tripdata_2025-08.parquet
2026-07-17 19:12:17,119 [INFO] [SKIP] Ya existe: green_tripdata_2025-08.parquet
2026-07-17 19:12:17,119 [INFO] [SKIP] Ya existe: fhv_tripdata_2025-08.parquet
2026-07-17 19:12:17,120 [INFO] [SKIP] Ya existe: fhvhv_tripdata_2025-08.parquet
2026-07-17 19:12:17,120 [INFO] [SKIP] Ya existe: yellow_tripdata_2025-09.parquet
2026-07-17 19:12:17,120 [INFO] [SKIP] Ya existe: green_tripdata_2025-09.parquet
2026-07-17 19:12:17,120 [INFO] [SKIP] Ya existe: fhv_tripdata_2025-09.parquet
2026-07-17 19:12:17,120 [INFO] [SKIP] Ya existe: fhvhv_tripdata_2025-09.parquet
2026-07-17 19:12:17,120 [INFO] [SKIP] Ya existe: yellow_tripdata_2025-10.parquet
2026-07-17 19:12:17,120 [INFO] [SKIP] Ya existe: green_tripdata_2025-10.parquet
2026-07-17 19:12:17,121 [INFO] [SKIP] Ya existe: fhv_tripdata_2025-10.parquet
2026-07-17 19:12:17,121 [INFO] [SKIP] Ya existe: fhvhv_tripdata_2025-10.parquet
2026-07-17 19:12:17,122 [INFO] [SKIP] Ya existe: yellow_tripdata_2025-11.parquet
2026-07-17 19:12:17,122 [INFO] [SKIP] Ya existe: green_tripdata_2025-11.parquet
2026-07-17 19:12:17,122 [INFO] [SKIP] Ya existe: fhv_tripdata_2025-11.parquet
2026-07-17 19:12:17,123 [INFO] [SKIP] Ya existe: fhvhv_tripdata_2025-11.parquet
2026-07-17 19:12:17,124 [INFO] [SKIP] Ya existe: yellow_tripdata_2025-12.parquet
2026-07-17 19:12:17,124 [INFO] [SKIP] Ya existe: green_tripdata_2025-12.parquet
2026-07-17 19:12:17,125 [INFO] [SKIP] Ya existe: fhvhv_tripdata_2025-12.parquet
2026-07-17 19:12:17,125 [INFO] [SKIP] Ya existe: green_tripdata_2026-01.parquet
2026-07-17 19:12:17,125 [INFO] [SKIP] Ya existe: fhv_tripdata_2025-12.parquet
2026-07-17 19:12:17,125 [INFO] [SKIP] Ya existe: yellow_tripdata_2026-01.parquet
2026-07-17 19:12:17,126 [INFO] [SKIP] Ya existe: fhv_tripdata_2026-01.parquet
2026-07-17 19:12:17,127 [INFO] [SKIP] Ya existe: fhvhv_tripdata_2026-01.parquet
2026-07-17 19:12:17,127 [INFO] [SKIP] Ya existe: yellow_tripdata_2026-02.parquet
2026-07-17 19:12:17,128 [INFO] [SKIP] Ya existe: green_tripdata_2026-02.parquet
2026-07-17 19:12:17,128 [INFO] [SKIP] Ya existe: fhv_tripdata_2026-02.parquet
2026-07-17 19:12:17,129 [INFO] [SKIP] Ya existe: fhvhv_tripdata_2026-02.parquet
2026-07-17 19:12:17,129 [INFO] [SKIP] Ya existe: yellow_tripdata_2026-03.parquet
2026-07-17 19:12:17,130 [INFO] [SKIP] Ya existe: green_tripdata_2026-03.parquet
2026-07-17 19:12:17,130 [INFO] [SKIP] Ya existe: fhv_tripdata_2026-03.parquet
2026-07-17 19:12:17,131 [INFO] [SKIP] Ya existe: yellow_tripdata_2026-04.parquet
2026-07-17 19:12:17,131 [INFO] [SKIP] Ya existe: fhvhv_tripdata_2026-03.parquet
2026-07-17 19:12:17,132 [INFO] [SKIP] Ya existe: fhvhv_tripdata_2026-04.parquet
2026-07-17 19:12:17,133 [INFO] [SKIP] Ya existe: green_tripdata_2026-04.parquet
2026-07-17 19:12:17,133 [INFO] [SKIP] Ya existe: yellow_tripdata_2026-05.parquet
2026-07-17 19:12:17,133 [INFO] [SKIP] Ya existe: fhv_tripdata_2026-04.parquet
2026-07-17 19:12:17,134 [INFO] [DOWN] Descargando: fhv_tripdata_2026-05.parquet
2026-07-17 19:12:17,134 [INFO] [SKIP] Ya existe: green_tripdata_2026-05.parquet
2026-07-17 19:12:17,135 [INFO] [SKIP] Ya existe: fhvhv_tripdata_2026-05.parquet
2026-07-17 19:12:17,646 [ERROR] [ERROR] fhv_tripdata_2026-05.parquet: 403 Client Error: Forbidden for url: https://d37ci6vzurychx.cloudfront.net/trip-data/fhv_tripdata_2026-05.parquet
2026-07-17 19:12:17,648 [INFO] ==================================================
2026-07-17 19:12:17,648 [INFO]   OK:          0
2026-07-17 19:12:17,648 [INFO]   Ya existian: 163
2026-07-17 19:12:17,648 [INFO]   No publicados: 0
2026-07-17 19:12:17,648 [INFO]   Timeouts:    0
2026-07-17 19:12:17,648 [INFO]   Errores:     1
2026-07-17 19:12:17,648 [INFO]   Total MB:    0.0
2026-07-17 19:12:17,648 [INFO] ==================================================
